# JRE version: Java(TM) SE Runtime Environment (14.0.1+7) (build 14.0.1+7)
# Java VM: Java HotSpot(TM) 64-Bit Server VM (14.0.1+7, mixed mode, sharing, tiered, compressed oops, g1 gc, windows-amd64)
Heap:
 garbage-first heap   total 58368K, used 27871K [0x0000000089200000, 0x0000000100000000)
  region size 1024K, 7 young (7168K), 3 survivors (3072K)
 Metaspace       used 15500K, capacity 16014K, committed 16256K, reserved 1062912K
  class space    used 1873K, capacity 2075K, committed 2176K, reserved 1048576K
GC Heap History (20 events):
Event: 2.479 GC heap before
{Heap before GC invocations=25 (full 17):
 garbage-first heap   total 58368K, used 22233K [0x0000000089200000, 0x0000000100000000)
  region size 1024K, 1 young (1024K), 0 survivors (0K)
 Metaspace       used 7534K, capacity 8125K, committed 8448K, reserved 1056768K
  class space    used 836K, capacity 906K, committed 1024K, reserved 1048576K
}
Event: 2.489 GC heap after
{Heap after GC invocations=26 (full 18):
 garbage-first heap   total 58368K, used 22251K [0x0000000089200000, 0x0000000100000000)
  region size 1024K, 0 young (0K), 0 survivors (0K)
 Metaspace       used 7534K, capacity 8125K, committed 8448K, reserved 1056768K
  class space    used 836K, capacity 906K, committed 1024K, reserved 1048576K
}
Event: 2.491 GC heap before
{Heap before GC invocations=26 (full 18):
 garbage-first heap   total 58368K, used 22251K [0x0000000089200000, 0x0000000100000000)
  region size 1024K, 1 young (1024K), 0 survivors (0K)
 Metaspace       used 7534K, capacity 8125K, committed 8448K, reserved 1056768K
  class space    used 836K, capacity 906K, committed 1024K, reserved 1048576K
}
Event: 2.491 GC heap after
{Heap after GC invocations=27 (full 18):
 garbage-first heap   total 58368K, used 22257K [0x0000000089200000, 0x0000000100000000)
  region size 1024K, 1 young (1024K), 1 survivors (1024K)
 Metaspace       used 7534K, capacity 8125K, committed 8448K, reserved 1056768K
  class space    used 836K, capacity 906K, committed 1024K, reserved 1048576K
}
Event: 2.499 GC heap before
{Heap before GC invocations=27 (full 18):
 garbage-first heap   total 58368K, used 28401K [0x0000000089200000, 0x0000000100000000)
  region size 1024K, 2 young (2048K), 1 survivors (1024K)
 Metaspace       used 7534K, capacity 8125K, committed 8448K, reserved 1056768K
  class space    used 836K, capacity 906K, committed 1024K, reserved 1048576K
}
Event: 2.506 GC heap after
{Heap after GC invocations=28 (full 19):
 garbage-first heap   total 58368K, used 22233K [0x0000000089200000, 0x0000000100000000)
  region size 1024K, 0 young (0K), 0 survivors (0K)
 Metaspace       used 7534K, capacity 8125K, committed 8448K, reserved 1056768K
  class space    used 836K, capacity 906K, committed 1024K, reserved 1048576K
}
Event: 2.508 GC heap before
{Heap before GC invocations=28 (full 19):
 garbage-first heap   total 58368K, used 22233K [0x0000000089200000, 0x0000000100000000)
  region size 1024K, 1 young (1024K), 0 survivors (0K)
 Metaspace       used 7534K, capacity 8125K, committed 8448K, reserved 1056768K
  class space    used 836K, capacity 906K, committed 1024K, reserved 1048576K
}
Event: 2.518 GC heap after
{Heap after GC invocations=29 (full 20):
 garbage-first heap   total 58368K, used 22251K [0x0000000089200000, 0x0000000100000000)
  region size 1024K, 0 young (0K), 0 survivors (0K)
 Metaspace       used 7534K, capacity 8125K, committed 8448K, reserved 1056768K
  class space    used 836K, capacity 906K, committed 1024K, reserved 1048576K
}
Event: 2.520 GC heap before
{Heap before GC invocations=29 (full 20):
 garbage-first heap   total 58368K, used 22251K [0x0000000089200000, 0x0000000100000000)
  region size 1024K, 1 young (1024K), 0 survivors (0K)
 Metaspace       used 7535K, capacity 8125K, committed 8448K, reserved 1056768K
  class space    used 836K, capacity 906K, committed 1024K, reserved 1048576K
}
Event: 2.521 GC heap after
{Heap after GC invocations=30 (full 20):
 garbage-first heap   total 58368K, used 22257K [0x0000000089200000, 0x0000000100000000)
  region size 1024K, 1 young (1024K), 1 survivors (1024K)
 Metaspace       used 7535K, capacity 8125K, committed 8448K, reserved 1056768K
  class space    used 836K, capacity 906K, committed 1024K, reserved 1048576K
}
Event: 2.526 GC heap before
{Heap before GC invocations=30 (full 20):
 garbage-first heap   total 58368K, used 28401K [0x0000000089200000, 0x0000000100000000)
  region size 1024K, 2 young (2048K), 1 survivors (1024K)
 Metaspace       used 7536K, capacity 8125K, committed 8448K, reserved 1056768K
  class space    used 836K, capacity 906K, committed 1024K, reserved 1048576K
}
Event: 2.534 GC heap after
{Heap after GC invocations=31 (full 21):
 garbage-first heap   total 58368K, used 22233K [0x0000000089200000, 0x0000000100000000)
  region size 1024K, 0 young (0K), 0 survivors (0K)
 Metaspace       used 7536K, capacity 8125K, committed 8448K, reserved 1056768K
  class space    used 836K, capacity 906K, committed 1024K, reserved 1048576K
}
Event: 2.536 GC heap before
{Heap before GC invocations=31 (full 21):
 garbage-first heap   total 58368K, used 22233K [0x0000000089200000, 0x0000000100000000)
  region size 1024K, 1 young (1024K), 0 survivors (0K)
 Metaspace       used 7537K, capacity 8125K, committed 8448K, reserved 1056768K
  class space    used 836K, capacity 906K, committed 1024K, reserved 1048576K
}
Event: 2.544 GC heap after
{Heap after GC invocations=32 (full 22):
 garbage-first heap   total 58368K, used 16078K [0x0000000089200000, 0x0000000100000000)
  region size 1024K, 0 young (0K), 0 survivors (0K)
 Metaspace       used 7537K, capacity 8125K, committed 8448K, reserved 1056768K
  class space    used 836K, capacity 906K, committed 1024K, reserved 1048576K
}
Event: 2.551 GC heap before
{Heap before GC invocations=32 (full 22):
 garbage-first heap   total 58368K, used 22222K [0x0000000089200000, 0x0000000100000000)
  region size 1024K, 1 young (1024K), 0 survivors (0K)
 Metaspace       used 7539K, capacity 8125K, committed 8448K, reserved 1056768K
  class space    used 836K, capacity 906K, committed 1024K, reserved 1048576K
}
Event: 2.559 GC heap after
{Heap after GC invocations=33 (full 23):
 garbage-first heap   total 58368K, used 22233K [0x0000000089200000, 0x0000000100000000)
  region size 1024K, 0 young (0K), 0 survivors (0K)
 Metaspace       used 7539K, capacity 8125K, committed 8448K, reserved 1056768K
  class space    used 836K, capacity 906K, committed 1024K, reserved 1048576K
}
Event: 2.561 GC heap before
{Heap before GC invocations=33 (full 23):
 garbage-first heap   total 58368K, used 22233K [0x0000000089200000, 0x0000000100000000)
  region size 1024K, 1 young (1024K), 0 survivors (0K)
 Metaspace       used 7541K, capacity 8125K, committed 8448K, reserved 1056768K
  class space    used 836K, capacity 906K, committed 1024K, reserved 1048576K
}
Event: 2.577 GC heap after
{Heap after GC invocations=34 (full 24):
 garbage-first heap   total 58368K, used 22251K [0x0000000089200000, 0x0000000100000000)
  region size 1024K, 0 young (0K), 0 survivors (0K)
 Metaspace       used 7541K, capacity 8125K, committed 8448K, reserved 1056768K
  class space    used 836K, capacity 906K, committed 1024K, reserved 1048576K
}
Event: 5.554 GC heap before
{Heap before GC invocations=34 (full 24):
 garbage-first heap   total 58368K, used 45803K [0x0000000089200000, 0x0000000100000000)
  region size 1024K, 24 young (24576K), 0 survivors (0K)
 Metaspace       used 14666K, capacity 15220K, committed 15360K, reserved 1062912K
  class space    used 1768K, capacity 1980K, committed 2048K, reserved 1048576K
}
Event: 5.558 GC heap after
{Heap after GC invocations=35 (full 24):
 garbage-first heap   total 58368K, used 24799K [0x0000000089200000, 0x0000000100000000)
  region size 1024K, 3 young (3072K), 3 survivors (3072K)
 Metaspace       used 14666K, capacity 15220K, committed 15360K, reserved 1062912K
  class space    used 1768K, capacity 1980K, committed 2048K, reserved 1048576K
}

