<?xml version="1.0" encoding="UTF-8"?>
<testng-results ignored="0" total="1" passed="1" failed="0" skipped="0">
  <reporter-output>
  </reporter-output>
  <suite started-at="2021-02-08T12:19:50 IST" name="Default suite" finished-at="2021-02-08T12:19:59 IST" duration-ms="8584">
    <groups>
    </groups>
    <test started-at="2021-02-08T12:19:50 IST" name="Default test" finished-at="2021-02-08T12:19:59 IST" duration-ms="8584">
      <class name="testscripts.Amazon_DriverScript">
        <test-method is-config="true" signature="Initialization()[pri:0, instance:testscripts.Amazon_DriverScript@78dd667e]" started-at="2021-02-08T12:19:50 IST" name="Initialization" finished-at="2021-02-08T12:19:50 IST" duration-ms="80" status="PASS">
          <reporter-output>
          </reporter-output>
        </test-method> <!-- Initialization -->
        <test-method signature="Testapp()[pri:0, instance:testscripts.Amazon_DriverScript@78dd667e]" started-at="2021-02-08T12:19:50 IST" name="Testapp" finished-at="2021-02-08T12:19:59 IST" duration-ms="8388" status="PASS">
          <reporter-output>
          </reporter-output>
        </test-method> <!-- Testapp -->
        <test-method is-config="true" signature="Endscript()[pri:0, instance:testscripts.Amazon_DriverScript@78dd667e]" started-at="2021-02-08T12:19:59 IST" name="Endscript" finished-at="2021-02-08T12:19:59 IST" duration-ms="0" status="PASS">
          <reporter-output>
          </reporter-output>
        </test-method> <!-- Endscript -->
      </class> <!-- testscripts.Amazon_DriverScript -->
    </test> <!-- Default test -->
  </suite> <!-- Default suite -->
</testng-results>
